C51 COMPILER V9.60.0.0   ADC                                                               02/05/2023 14:53:19 PAGE 1   


C51 COMPILER V9.60.0.0, COMPILATION OF MODULE ADC
OBJECT MODULE PLACED IN .\Objects\ADC.obj
COMPILER INVOKED BY: C:\Keil_v5\C51\BIN\C51.EXE ADC.c OPTIMIZE(8,SPEED) BROWSE DEBUG OBJECTEXTEND PRINT(.\Listings\ADC.l
                    -st) TABS(2) OBJECT(.\Objects\ADC.obj)

line level    source

   1          #include <STC15F2K60S2.H>
   2          #include "drive.h"
*** WARNING C245 IN LINE 1 OF drive.h: unknown #pragma, line ignored
   3          
   4          void ADC_init(u8 w){
   5   1        P1ASF=(0x20>>w);
   6   1        //P1ASF=0x10;
   7   1        ADC_CONTR=0xE8;
   8   1        ADC_CONTR|=(w+2);
   9   1        CLK_DIV=0x50;
  10   1        ADC_RES=0;
  11   1      }
  12          
  13          u8 ADC_GetNum(u8 w){
  14   1        ADC_RES=0;
  15   1        ADC_init(w);
  16   1        while(!(ADC_CONTR&0X10));//flag
  17   1        ADC_CONTR=0;
  18   1        P1ASF=0;
  19   1        return ADC_RES;
  20   1      }


MODULE INFORMATION:   STATIC OVERLAYABLE
   CODE SIZE        =     47    ----
   CONSTANT SIZE    =   ----    ----
   XDATA SIZE       =   ----    ----
   PDATA SIZE       =   ----    ----
   DATA SIZE        =   ----    ----
   IDATA SIZE       =   ----    ----
   BIT SIZE         =   ----    ----
END OF MODULE INFORMATION.


C51 COMPILATION COMPLETE.  1 WARNING(S),  0 ERROR(S)
