C51 COMPILER V9.60.0.0   DRIVE                                                             02/04/2023 16:26:40 PAGE 1   


C51 COMPILER V9.60.0.0, COMPILATION OF MODULE DRIVE
OBJECT MODULE PLACED IN .\Objects\drive.obj
COMPILER INVOKED BY: C:\Keil_v5\C51\BIN\C51.EXE drive.c OPTIMIZE(8,SPEED) BROWSE DEBUG OBJECTEXTEND PRINT(.\Listings\dri
                    -ve.lst) TABS(2) OBJECT(.\Objects\drive.obj)

line level    source

   1          #include "drive.h"
*** WARNING C245 IN LINE 1 OF drive.h: unknown #pragma, line ignored
   2          
   3          void delay(int x)   //@22.1184MHz 100us
   4          {
*** WARNING C235 IN LINE 4 OF drive.c: parameter 1: different types
   5   1        unsigned char i, j;
   6   1      
   7   1        while(x){
   8   2          i = 3;
   9   2        j = 35;
  10   2        do
  11   2        {
  12   3          while (--j);
  13   3        } while (--i);
  14   2        x--;
  15   2        }
  16   1      
  17   1      }


MODULE INFORMATION:   STATIC OVERLAYABLE
   CODE SIZE        =     20    ----
   CONSTANT SIZE    =   ----    ----
   XDATA SIZE       =   ----    ----
   PDATA SIZE       =   ----    ----
   DATA SIZE        =   ----    ----
   IDATA SIZE       =   ----    ----
   BIT SIZE         =   ----    ----
END OF MODULE INFORMATION.


C51 COMPILATION COMPLETE.  2 WARNING(S),  0 ERROR(S)
