C51 COMPILER V9.60.0.0   DRIVE                                                             12/23/2022 21:11:24 PAGE 1   


C51 COMPILER V9.60.0.0, COMPILATION OF MODULE DRIVE
OBJECT MODULE PLACED IN .\Objects\drive.obj
COMPILER INVOKED BY: C:\Keil_v5\C51\BIN\C51.EXE drive.c OPTIMIZE(8,SPEED) BROWSE DEBUG OBJECTEXTEND PRINT(.\Listings\dri
                    -ve.lst) TABS(2) OBJECT(.\Objects\drive.obj)

line level    source

   1          #include <STC89C5xRC.H>
   2          sbit bu=P2^5;
   3          void dlay(int x)    //@12.000MHz
   4          {
   5   1        unsigned char i,j;
   6   1        
   7   1        while(x){
   8   2        i = 2;
   9   2        j = 39;
  10   2        do
  11   2        {
  12   3          while (--j);
  13   3        } while (--i);
  14   2        x--;
  15   2      }
  16   1        
  17   1      }
  18          void delay_10us(unsigned int ten_us)
  19          {
  20   1        while(ten_us--);  
  21   1      }
  22          
  23          
  24          void bueertime(int ms){
  25   1        while(ms){
  26   2          bu=!bu;
  27   2          dlay(1);
  28   2          bu=!bu;
  29   2          ms--;
  30   2        }
  31   1      }
  32          
  33          
  34          
  35          


MODULE INFORMATION:   STATIC OVERLAYABLE
   CODE SIZE        =     58    ----
   CONSTANT SIZE    =   ----    ----
   XDATA SIZE       =   ----    ----
   PDATA SIZE       =   ----    ----
   DATA SIZE        =   ----    ----
   IDATA SIZE       =   ----    ----
   BIT SIZE         =   ----    ----
END OF MODULE INFORMATION.


C51 COMPILATION COMPLETE.  0 WARNING(S),  0 ERROR(S)
