C51 COMPILER V9.60.0.0   IR                                                                12/23/2022 17:54:09 PAGE 1   


C51 COMPILER V9.60.0.0, COMPILATION OF MODULE IR
OBJECT MODULE PLACED IN .\Objects\IR.obj
COMPILER INVOKED BY: C:\Keil_v5\C51\BIN\C51.EXE IR.c OPTIMIZE(8,SPEED) BROWSE DEBUG OBJECTEXTEND PRINT(.\Listings\IR.lst
                    -) TABS(2) OBJECT(.\Objects\IR.obj)

line level    source

   1          #include <STC89C5xRC.H>
   2          #include "header.h"
*** WARNING C245 IN LINE 1 OF header.h: unknown #pragma, line ignored
   3          #include "Time0.h"
   4          #include "IR.h"
*** WARNING C245 IN LINE 1 OF header.h: unknown #pragma, line ignored
   5          
   6          u32 IR_time;
   7          u8 IR_state;
   8          u8 IR_data[4];
   9          u8 IR_pdata;
  10          u8 IR_dataFlag;
  11          u8 IR_repeatFlag;
  12          u8 IR_Address;
  13          u8 IR_command;
  14          
  15          u8 IR_GetDataFlag(){
  16   1      
  17   1      return IR_dataFlag;
  18   1      }
  19          
  20          u8 IR_GetRepeatFlag(){
  21   1      return IR_repeatFlag;
  22   1      }
  23          u8 IR_GetAddress(){
  24   1      
  25   1      return IR_Address;
  26   1      }
  27          u8 IR_GetCommand(){
  28   1      return IR_command;
  29   1      }
  30          
  31          void IR_Init(){
  32   1        IR_repeatFlag=0;
  33   1        Timer0Init();
  34   1        Int0Init();
*** WARNING C206 IN LINE 34 OF IR.c: 'Int0Init': missing function-prototype
  35   1        IR_dataFlag=0;
  36   1      }
  37          
  38          //void Int0Init(void){
  39          //    IT0=1;
  40          //    IE0=0;
  41          //    EX0=1;
  42          //    EA=1;
  43          //    PX0=1;
  44          //}
  45          void Int0_Routine(void) interrupt 0
  46          {
  47   1          if(IR_state==0){
  48   2            Timer0_SetCounter(0);
  49   2            Timer0_Run(1);
  50   2            IR_state=1;
  51   2          }
C51 COMPILER V9.60.0.0   IR                                                                12/23/2022 17:54:09 PAGE 2   

  52   1          else if(IR_state==1){
  53   2              
  54   2          IR_time=Timer0_GetCounter();
  55   2          Timer0_SetCounter(0);
  56   2            if(IR_time>12440-600&&IR_time<12440+600){
  57   3              IR_state=2;
  58   3          
  59   3            }else if(IR_time>10360-600&&IR_time<10368+600)
  60   2            {
  61   3              IR_repeatFlag=1;
  62   3              IR_state=0;
  63   3              Timer0_Run(0);
  64   3            }
  65   2            else{
  66   3              IR_state=1;
  67   3            }
  68   2            
  69   2          }
  70   1          else if(IR_state=2){
*** WARNING C276 IN LINE 70 OF IR.c: constant in condition expression
  71   2          IR_time=Timer0_GetCounter();
  72   2            if(IR_time>1035-500&&IR_time<1035+500){
  73   3            
  74   3            IR_data[IR_pdata/8]&=~(0x01<<(IR_pdata%8));
  75   3            IR_pdata++;
  76   3            }
  77   2            else if(IR_time>2025-500&&IR_time<2025+500){
  78   3            IR_data[IR_pdata/8]|=(0x01<<(IR_pdata%8));
  79   3            IR_pdata++;
  80   3            
  81   3            }
  82   2            else{
  83   3             IR_state=1;
  84   3              IR_pdata=0;
  85   3            }
  86   2            if(IR_pdata>=32){
  87   3            IR_pdata=0;
  88   3            if((IR_data[0]==~IR_data[1])&&(IR_data[2]==~IR_data[3])){
  89   4              IR_Address=IR_data;
  90   4              IR_command=IR_data;
  91   4                IR_dataFlag=1;
  92   4            }
  93   3            Timer0_Run(0); 
  94   3            IR_state=0;
  95   3            
  96   3            }
  97   2          }
  98   1          
  99   1          
 100   1      }


MODULE INFORMATION:   STATIC OVERLAYABLE
   CODE SIZE        =    355    ----
   CONSTANT SIZE    =   ----    ----
   XDATA SIZE       =   ----    ----
   PDATA SIZE       =   ----    ----
   DATA SIZE        =     12    ----
   IDATA SIZE       =   ----    ----
   BIT SIZE         =   ----    ----
END OF MODULE INFORMATION.


C51 COMPILATION COMPLETE.  4 WARNING(S),  0 ERROR(S)
