C51 COMPILER V9.60.0.0   KEY                                                               12/23/2022 23:07:39 PAGE 1   


C51 COMPILER V9.60.0.0, COMPILATION OF MODULE KEY
OBJECT MODULE PLACED IN .\Objects\KEY.obj
COMPILER INVOKED BY: C:\Keil_v5\C51\BIN\C51.EXE KEY.c OPTIMIZE(8,SPEED) BROWSE DEBUG OBJECTEXTEND PRINT(.\Listings\KEY.l
                    -st) TABS(2) OBJECT(.\Objects\KEY.obj)

line level    source

   1            #include "header.h"
*** WARNING C245 IN LINE 1 OF header.h: unknown #pragma, line ignored
   2            #include <STC89C5xRC.H>
   3            #define u8 unsigned char 
   4            sbit KEY1 = P3 ^ 1;
   5            sbit KEY2 = P3 ^ 0;
   6            sbit KEY3 = P3 ^ 3;
   7            //mode:0,不可连按;1,支持;
   8          
   9              u8 key_scan(u8 mode)
  10              {  
  11   1            static u8 key_up=1;
  12   1            if(mode)key_up=1;   
  13   1            if(key_up&&(KEY1==0||KEY2==0||KEY3==0))
  14   1            {
  15   2              dlay(10);
  16   2              key_up=0;  
  17   2              if(KEY1==0)return 1; 
  18   2              else if(KEY2==0)return 2;
  19   2              if(KEY3==0)return 3;
  20   2            }else if(KEY1==1&&KEY2==1&&KEY3==1)key_up=1;      
  21   1            return 0; //无按下
  22   1          }


MODULE INFORMATION:   STATIC OVERLAYABLE
   CODE SIZE        =     62    ----
   CONSTANT SIZE    =   ----    ----
   XDATA SIZE       =   ----    ----
   PDATA SIZE       =   ----    ----
   DATA SIZE        =      1    ----
   IDATA SIZE       =   ----    ----
   BIT SIZE         =   ----    ----
END OF MODULE INFORMATION.


C51 COMPILATION COMPLETE.  1 WARNING(S),  0 ERROR(S)
