C51 COMPILER V9.60.0.0   SHUMA                                                             12/23/2022 17:41:51 PAGE 1   


C51 COMPILER V9.60.0.0, COMPILATION OF MODULE SHUMA
OBJECT MODULE PLACED IN .\Objects\shuma.obj
COMPILER INVOKED BY: C:\Keil_v5\C51\BIN\C51.EXE shuma.c OPTIMIZE(8,SPEED) BROWSE DEBUG OBJECTEXTEND PRINT(.\Listings\shu
                    -ma.lst) TABS(2) OBJECT(.\Objects\shuma.obj)

line level    source

   1          #include <STC89C5xRC.H>
   2          #include "header.h"
*** WARNING C245 IN LINE 1 OF header.h: unknown #pragma, line ignored
   3          void sm(int i,int b){
   4   1        int a[]={0x3f,0x06,0x5b,0x4f,0x66,0x6d,0x7d,0x07,0x7f,0x6f,0x77,0x7c,0x39,0x5e,0x79,0x71,0x00};
   5   1        switch(i){
   6   2          case 1:P24= 0;P23=0 ;P22=0 ; break;
   7   2          case 2:P24= 0;P23=0 ;P22=1 ; break;
   8   2          case 3:P24=0 ;P23=1 ;P22=0 ; break;
   9   2          case 4:P24=0 ;P23=1 ;P22=1 ; break;
  10   2          case 5:P24= 1;P23= 0;P22= 0; break;
  11   2          case 6:P24= 1;P23= 0;P22= 1; break;
  12   2          case 7:P24= 1;P23=1 ;P22=0 ; break;
  13   2          case 8:P24= 1;P23= 1;P22= 1; break;
  14   2        }
  15   1        P0=a[b];
  16   1        dlay(1);
  17   1          P0=a[16];
  18   1      }


MODULE INFORMATION:   STATIC OVERLAYABLE
   CODE SIZE        =    145    ----
   CONSTANT SIZE    =     34    ----
   XDATA SIZE       =   ----    ----
   PDATA SIZE       =   ----    ----
   DATA SIZE        =   ----      38
   IDATA SIZE       =   ----    ----
   BIT SIZE         =   ----    ----
END OF MODULE INFORMATION.


C51 COMPILATION COMPLETE.  1 WARNING(S),  0 ERROR(S)
