C51 COMPILER V9.60.0.0   TIME0                                                             12/23/2022 16:23:46 PAGE 1   


C51 COMPILER V9.60.0.0, COMPILATION OF MODULE TIME0
OBJECT MODULE PLACED IN .\Objects\Time0.obj
COMPILER INVOKED BY: C:\Keil_v5\C51\BIN\C51.EXE Time0.c OPTIMIZE(8,SPEED) BROWSE DEBUG OBJECTEXTEND PRINT(.\Listings\Tim
                    -e0.lst) TABS(2) OBJECT(.\Objects\Time0.obj)

line level    source

   1          #include <STC89C5xRC.H>
   2          void Timer0Init(void)   //1??@12.000MHz
   3          {
   4   1        TMOD &= 0xF0;   //???????
   5   1        TMOD |= 0x01;   //???????
   6   1        TL0 = 0;    //???????
   7   1        TH0 = 0;    //???????
   8   1        TF0 = 0;    //??TF0??
   9   1        TR0 = 0;    //???0????
  10   1        ET0=0;
  11   1      }
  12          
  13          void Timer0_SetCounter(unsigned int value)
  14          {
  15   1        TH0=value/256;
  16   1        TL0=value%256;
  17   1      }
  18          
  19           int Timer0_GetCounter(){
  20   1            return ((TH0<<8)|TL0);
  21   1      }
  22          
  23          void Timer0_Run(unsigned char Flag){
  24   1      if(Flag==0){
  25   2        TMOD |= 0x01;   //设置定时器模式
  26   2        TL0 = 0xA4;   //设置定时初值
  27   2        TH0 = 0xFF;   //设置定时初值
  28   2        TF0 = 0;    //清除TF0标志
  29   2        TR0 = 1;    //定时器0开始计时
  30   2        ET0 = 1;
  31   2        EA=1;}
  32   1      TR0=Flag;
  33   1      
  34   1      }


MODULE INFORMATION:   STATIC OVERLAYABLE
   CODE SIZE        =     64    ----
   CONSTANT SIZE    =   ----    ----
   XDATA SIZE       =   ----    ----
   PDATA SIZE       =   ----    ----
   DATA SIZE        =   ----    ----
   IDATA SIZE       =   ----    ----
   BIT SIZE         =   ----    ----
END OF MODULE INFORMATION.


C51 COMPILATION COMPLETE.  0 WARNING(S),  0 ERROR(S)
