C51 COMPILER V9.60.0.0   XPT2046                                                           12/22/2022 17:22:31 PAGE 1   


C51 COMPILER V9.60.0.0, COMPILATION OF MODULE XPT2046
OBJECT MODULE PLACED IN .\Objects\xpt2046.obj
COMPILER INVOKED BY: C:\Keil_v5\C51\BIN\C51.EXE xpt2046.c OPTIMIZE(8,SPEED) BROWSE DEBUG OBJECTEXTEND PRINT(.\Listings\x
                    -pt2046.lst) TABS(2) OBJECT(.\Objects\xpt2046.obj)

line level    source

   1          #include <REGX52.H>
*** WARNING C318 IN LINE 1 OF xpt2046.c: can't open file 'REGX52.H'
   2          #include <STC89C5xRC.H>
   3          
   4          sbit xpt_cs=P3^5;
   5          sbit xpt_DCLK=P3^6;
   6          sbit xpt_DIN=P3^4;
   7          sbit xpt_DOUT=P3^7;
   8          unsigned int xpt2046(unsigned char command){
   9   1        unsigned int adv=0; 
  10   1        unsigned char i;
  11   1        xpt_cs=0;
  12   1        xpt_DCLK=0;
  13   1        
  14   1        for(i=0;i<8;i++){
  15   2          xpt_DIN=command&(0x80>>i);
  16   2        xpt_DCLK=1;
  17   2        xpt_DCLK=0;
  18   2        }
  19   1        for(i=0;i<16;i++){
  20   2        xpt_DCLK=1;
  21   2        xpt_DCLK=0;
  22   2        if(xpt_DOUT){adv|=(0x8000>>i);}
  23   2        }
  24   1        
  25   1        return (adv>>8);
  26   1      }


MODULE INFORMATION:   STATIC OVERLAYABLE
   CODE SIZE        =    105    ----
   CONSTANT SIZE    =   ----    ----
   XDATA SIZE       =   ----    ----
   PDATA SIZE       =   ----    ----
   DATA SIZE        =   ----       2
   IDATA SIZE       =   ----    ----
   BIT SIZE         =   ----    ----
END OF MODULE INFORMATION.


C51 COMPILATION COMPLETE.  1 WARNING(S),  0 ERROR(S)
