C51 COMPILER V9.60.0.0   ADC                                                               01/29/2023 12:34:11 PAGE 1   


C51 COMPILER V9.60.0.0, COMPILATION OF MODULE ADC
OBJECT MODULE PLACED IN .\Objects\ADC.obj
COMPILER INVOKED BY: C:\Keil_v5\C51\BIN\C51.EXE ADC.c OPTIMIZE(9,SPEED) BROWSE DEBUG OBJECTEXTEND PRINT(.\Listings\ADC.l
                    -st) TABS(2) OBJECT(.\Objects\ADC.obj)

line level    source

   1          #include <STC15F2K60S2.H>
   2          #include "header.h"
*** WARNING C245 IN LINE 1 OF header.h: unknown #pragma, line ignored
   3          void ADC_init(){
   4   1        P1ASF=32;
   5   1        ADC_CONTR=0xEA;
   6   1        CLK_DIV&=0XDF;
   7   1        ADC_RES=0;
   8   1         dlay(100);
   9   1        
  10   1      }
  11          
  12          u8 ADC_GetNum(){
  13   1        ADC_RES=0;
  14   1        ADC_init();
  15   1        
  16   1        dlay(50);
  17   1        while(!(ADC_CONTR&0X10));
  18   1        ADC_CONTR&=0XEF;
  19   1        return ADC_RES;
  20   1      }


MODULE INFORMATION:   STATIC OVERLAYABLE
   CODE SIZE        =     42    ----
   CONSTANT SIZE    =   ----    ----
   XDATA SIZE       =   ----    ----
   PDATA SIZE       =   ----    ----
   DATA SIZE        =   ----    ----
   IDATA SIZE       =   ----    ----
   BIT SIZE         =   ----    ----
END OF MODULE INFORMATION.


C51 COMPILATION COMPLETE.  1 WARNING(S),  0 ERROR(S)
