C51 COMPILER V9.60.0.0   CSB                                                               01/25/2023 00:38:37 PAGE 1   


C51 COMPILER V9.60.0.0, COMPILATION OF MODULE CSB
OBJECT MODULE PLACED IN .\Objects\CSB.obj
COMPILER INVOKED BY: C:\Keil_v5\C51\BIN\C51.EXE CSB.c OPTIMIZE(9,SPEED) BROWSE DEBUG OBJECTEXTEND PRINT(.\Listings\CSB.l
                    -st) TABS(2) OBJECT(.\Objects\CSB.obj)

line level    source

   1          #include "CSB.h"
   2          #include <STC15F2K60S2.H>
   3          #include <intrins.h>
   4          #include "UR0_com.h"
*** WARNING C245 IN LINE 1 OF UR0_com.h: unknown #pragma, line ignored
   5          sbit CSB_FS=P3^6;
   6          sbit CSB_JS=P3^7;
   7          void CSB10us()    //@11.0592MHz
   8          {
   9   1          unsigned char i;
  10   1      
  11   1        _nop_();
  12   1        i = 25;
  13   1        while (--i);
  14   1      }
  15          
  16          void send_csb(){
  17   1          CSB_FS=0;
  18   1          CSB_FS=1;
  19   1          CSB10us();
  20   1          CSB10us();
  21   1          CSB10us();
  22   1          CSB10us();
  23   1          CSB_FS=0;
  24   1      }
  25          
  26          void CSB_Init()
  27          {
  28   1      } 
  29            u16 tm=0;
  30            long timec=0;
  31          
  32          void CSB_Onece(){
  33   1          send_csb();
  34   1          timec=0;
  35   1          while(!CSB_JS){
  36   2            CSB10us();
  37   2            timec+=10;
  38   2            if(timec>5000){break;}
  39   2          };
  40   1            timec=0;
  41   1          while(CSB_JS){
  42   2            CSB10us();
  43   2            timec+=10;
  44   2            if(timec>5000){break;}
  45   2          }
  46   1          tm=timec;
  47   1          timec=0;
  48   1          
  49   1      }
  50          
  51          float CSB_Getnum(){
  52   1          
  53   1            return (tm*0.0425);
C51 COMPILER V9.60.0.0   CSB                                                               01/25/2023 00:38:37 PAGE 2   

  54   1        //return t;
  55   1        
  56   1        }
  57          
  58          


MODULE INFORMATION:   STATIC OVERLAYABLE
   CODE SIZE        =    133    ----
   CONSTANT SIZE    =   ----    ----
   XDATA SIZE       =   ----    ----
   PDATA SIZE       =   ----    ----
   DATA SIZE        =      6    ----
   IDATA SIZE       =   ----    ----
   BIT SIZE         =   ----    ----
END OF MODULE INFORMATION.


C51 COMPILATION COMPLETE.  1 WARNING(S),  0 ERROR(S)
