C51 COMPILER V9.60.0.0   UR0_COM                                                           01/25/2023 00:38:37 PAGE 1   


C51 COMPILER V9.60.0.0, COMPILATION OF MODULE UR0_COM
OBJECT MODULE PLACED IN .\Objects\UR0_com.obj
COMPILER INVOKED BY: C:\Keil_v5\C51\BIN\C51.EXE UR0_com.c OPTIMIZE(9,SPEED) BROWSE DEBUG OBJECTEXTEND PRINT(.\Listings\U
                    -R0_com.lst) TABS(2) OBJECT(.\Objects\UR0_com.obj)

line level    source

   1          #include <STC15F2K60S2.H>
   2          #include"UR0_com.h"
*** WARNING C245 IN LINE 1 OF UR0_com.h: unknown #pragma, line ignored
   3          void UartInit0(void)    //4800bps@11.0592MHz
   4          {
   5   1        PCON &= 0x7F;   //波特率不倍速
   6   1        SCON = 0x50;    //8位数据,可变波特率
   7   1        TMOD &= 0x0F;   //设置定时器模式
   8   1        TMOD |= 0x20;   //设置定时器模式
   9   1        TL1 = 0xFA;   //设置定时初始值
  10   1        TH1 = 0xFA;   //设置定时重载值
  11   1        ET1 = 0;    //禁止定时器%d中断
  12   1        TR1 = 1;    //定时器1开始计时
  13   1        EA=1;
  14   1        ES=1;
  15   1      }
  16          void SendChar0(unsigned char Char)
  17          { 
  18   1        SBUF=Char;
  19   1        while(!TI);
  20   1        TI=0;
  21   1      }
  22           
  23          void  SendString0(unsigned char *p)
  24          {
  25   1        while(*p)
  26   1        {
  27   2          SendChar0(*p);
  28   2          p++;
  29   2        }
  30   1        SendChar0(0x0D);
  31   1        SendChar0(0x0A);
  32   1      }
  33          
  34          void UR0_com__Rountine() interrupt 4
  35          {
  36   1          RI=0;
  37   1      }


MODULE INFORMATION:   STATIC OVERLAYABLE
   CODE SIZE        =     66    ----
   CONSTANT SIZE    =   ----    ----
   XDATA SIZE       =   ----    ----
   PDATA SIZE       =   ----    ----
   DATA SIZE        =   ----    ----
   IDATA SIZE       =   ----    ----
   BIT SIZE         =   ----    ----
END OF MODULE INFORMATION.


C51 COMPILATION COMPLETE.  1 WARNING(S),  0 ERROR(S)
