C51 COMPILER V9.60.0.0   UR_COM                                                            01/29/2023 12:34:11 PAGE 1   


C51 COMPILER V9.60.0.0, COMPILATION OF MODULE UR_COM
OBJECT MODULE PLACED IN .\Objects\UR_com.obj
COMPILER INVOKED BY: C:\Keil_v5\C51\BIN\C51.EXE UR_com.c OPTIMIZE(9,SPEED) BROWSE DEBUG OBJECTEXTEND PRINT(.\Listings\UR
                    -_com.lst) TABS(2) OBJECT(.\Objects\UR_com.obj)

line level    source

   1          #include <STC15F2K60S2.H>
   2          #include"UR_com.h"
*** WARNING C245 IN LINE 1 OF UR_com.h: unknown #pragma, line ignored
   3          #include"header.h"
*** WARNING C245 IN LINE 1 OF header.h: unknown #pragma, line ignored
   4           u8 UR_com_GetByte(){
   5   1          while(!(S2CON&0x01)){};
   6   1         
   7   1          return S2BUF;
   8   1      }
   9          void UartInit(void)   //4800bps@1MHz
  10          {
  11   1        S2CON = 0x50;   //8位数据,可变波特率
  12   1        AUXR &= 0xFB;   //定时器时钟12T模式
  13   1        T2L = 0xD0;   //设置定时初始值
  14   1        T2H = 0xFF;   //设置定时初始值
  15   1        AUXR |= 0x10;   //定时器2开始计时  
  16   1        EA=1;
  17   1        IE2&=0xFE;
  18   1        IE2|= 0X01;
  19   1        ES=1;
  20   1      }
  21          void SendChar(unsigned char Char)
  22          { 
  23   1          S2BUF=Char;
  24   1          while(!(S2CON&0x02)){};
  25   1          S2CON&=0xFD;
  26   1      }
  27           
  28          void  SendString(unsigned char *p)
  29          {
  30   1        while(*p)
  31   1        {
  32   2          SendChar(*p);
  33   2          
  34   2        //dlay(10);
  35   2          p++;
  36   2        }
  37   1        SendChar(0x0D);
  38   1        //dlay(10);
  39   1        SendChar(0x0A);
  40   1      }
  41          
  42          unsigned char sr;
  43            u8 UR_count=0;
  44            u8 UR_BUF[5]={11,11,11,11,11};
  45            u8 i;
  46            bit UR_OA=0; 
  47             UR_DAT[5]={11,11,11,11,11};
*** WARNING C231 IN LINE 47 OF UR_com.c: 'UR_DAT': redefinition
  48             UR_flag=0;
*** WARNING C231 IN LINE 48 OF UR_com.c: 'UR_flag': redefinition
  49          void UR_com__Rountine() interrupt 8 using 2
  50          {
C51 COMPILER V9.60.0.0   UR_COM                                                            01/29/2023 12:34:11 PAGE 2   

  51   1          if(S2CON&0X01)               //判断串口接收标志位
  52   1          {
  53   2              S2CON&=0xFE;
  54   2            if(UR_flag==0){ 
  55   3                for(i=0;i<5;i++){
  56   4                UR_DAT[i]=11;
  57   4                }
  58   3            }
  59   2            
  60   2            sr=S2BUF;
  61   2            if(sr==10&&UR_OA){
  62   3            for(i=0;i<UR_count;i++){
  63   4                UR_DAT[i]=UR_BUF[i];
  64   4            }
  65   3            UR_OA=0;
  66   3            UR_flag=1;
  67   3            UR_count=0;
  68   3            }
  69   2            if(UR_count>=5){return;}
  70   2            if(UR_OA){
  71   3            UR_BUF[UR_count++]=sr;
  72   3            }
  73   2            if(sr==58){UR_OA=1;}      
  74   2          }
  75   1        
  76   1          
  77   1      }
  78          
  79          int UR_Getnum(){
  80   1        static  int num=0;
  81   1      
  82   1        if(UR_flag){
  83   2          
  84   2          num=0;
  85   2        for(i=0;i<4;i++){
  86   3          if(UR_DAT[i]!=11&&UR_DAT[i]!=13){
  87   4            num=num*10+(UR_DAT[i]-48);  
  88   4          }else{UR_flag=0;
  89   4      
  90   4            for(i=0;i<5;i++){
  91   5                UR_DAT[i]=11;
  92   5                }
  93   4      
  94   4          return num;}  
  95   3          
  96   3        }
  97   2        //UR_flag=0;
  98   2        }
  99   1        return num;
 100   1      }


MODULE INFORMATION:   STATIC OVERLAYABLE
   CODE SIZE        =    325    ----
   CONSTANT SIZE    =   ----    ----
   XDATA SIZE       =   ----    ----
   PDATA SIZE       =   ----    ----
   DATA SIZE        =     22    ----
   IDATA SIZE       =   ----    ----
   BIT SIZE         =      1    ----
END OF MODULE INFORMATION.


C51 COMPILATION COMPLETE.  4 WARNING(S),  0 ERROR(S)
