C51 COMPILER V9.60.0.0   DRIVE                                                             01/29/2023 12:34:11 PAGE 1   


C51 COMPILER V9.60.0.0, COMPILATION OF MODULE DRIVE
OBJECT MODULE PLACED IN .\Objects\drive.obj
COMPILER INVOKED BY: C:\Keil_v5\C51\BIN\C51.EXE drive.c OPTIMIZE(9,SPEED) BROWSE DEBUG OBJECTEXTEND PRINT(.\Listings\dri
                    -ve.lst) TABS(2) OBJECT(.\Objects\drive.obj)

line level    source

   1          #include"header.h"
*** WARNING C245 IN LINE 1 OF header.h: unknown #pragma, line ignored
   2          #include <intrins.h>
   3          void dlay(u16 x)    //@11.0592MHz 100US
   4          {
   5   1        unsigned char i, j;
   6   1      while(x){
   7   2      
   8   2        _nop_();
   9   2        _nop_();
  10   2        i = 2;
  11   2        j = 15;
  12   2        do
  13   2        {
  14   3          while (--j);
  15   3        } while (--i);
  16   2        x--;
  17   2      }
  18   1      
  19   1      }


MODULE INFORMATION:   STATIC OVERLAYABLE
   CODE SIZE        =     22    ----
   CONSTANT SIZE    =   ----    ----
   XDATA SIZE       =   ----    ----
   PDATA SIZE       =   ----    ----
   DATA SIZE        =   ----    ----
   IDATA SIZE       =   ----    ----
   BIT SIZE         =   ----    ----
END OF MODULE INFORMATION.


C51 COMPILATION COMPLETE.  1 WARNING(S),  0 ERROR(S)
