C51 COMPILER V9.60.0.0   UR_COM1                                                           01/17/2023 13:59:08 PAGE 1   


C51 COMPILER V9.60.0.0, COMPILATION OF MODULE UR_COM1
OBJECT MODULE PLACED IN .\Objects\UR_com1.obj
COMPILER INVOKED BY: C:\Keil_v5\C51\BIN\C51.EXE UR_com1.c OPTIMIZE(8,SPEED) BROWSE DEBUG OBJECTEXTEND PRINT(.\Listings\U
                    -R_com1.lst) TABS(2) OBJECT(.\Objects\UR_com1.obj)

line level    source

   1          #include <STC15F2K60S2.H>
   2          #include "UR_com1.h"
*** WARNING C245 IN LINE 1 OF UR_com1.h: unknown #pragma, line ignored
   3          void UR1_com_sendByte(u8 Byte){
   4   1        
   5   1        SBUF=Byte;
   6   1        while(TI==0);
   7   1        TI=0;
   8   1      }
   9          
  10          void UartInit1(void)    //4800bps@11.0592MHz
  11          {
  12   1        PCON &= 0x7F;   //波特率不倍速
  13   1        SCON = 0x50;    //8位数据,可变波特率
  14   1        TMOD &= 0x0F;   //设置定时器模式
  15   1        TMOD |= 0x20;   //设置定时器模式
  16   1        TL1 = 0xFA;   //设置定时初始值
  17   1        TH1 = 0xFA;   //设置定时重载值
  18   1        ET1 = 0;    //禁止定时器%d中断
  19   1        TR1 = 1;    //定时器1开始计时
  20   1        EA=1;
  21   1        ES=1;
  22   1      }
  23          void SendChar1(unsigned char Char)
  24          { 
  25   1        SBUF=Char;
  26   1        while(!TI);
  27   1        TI=0;
  28   1      }
  29           
  30          void  SendString1(unsigned char *p)
  31          {
  32   1        while(*p)
  33   1        {
  34   2          SendChar1(*p);
  35   2          p++;
  36   2        }
  37   1        SendChar1(0x0D);
  38   1        SendChar1(0x0A);
  39   1      }
  40          
  41          unsigned char sr;
  42            u8 UR1_count=0;
  43            u8 UR1_BUF[5]={11,11,11,11,11};
  44            u8 i;
  45             UR1_OA=0; 
*** WARNING C231 IN LINE 45 OF UR_com1.c: 'UR1_OA': redefinition
  46             UR1_DAT[5]={11,11,11,11,11};
*** WARNING C231 IN LINE 46 OF UR_com1.c: 'UR1_DAT': redefinition
  47             UR1_flag=0;
*** WARNING C231 IN LINE 47 OF UR_com1.c: 'UR1_flag': redefinition
  48          void UR1_com__Rountine() interrupt 4
  49          {
  50   1          if(RI)               //判断串口接收标志位
C51 COMPILER V9.60.0.0   UR_COM1                                                           01/17/2023 13:59:08 PAGE 2   

  51   1          {
  52   2            if(UR1_flag==0){  
  53   3                for(i=0;i<5;i++){
  54   4                UR1_DAT[i]=11;
  55   4                }
  56   3            }
  57   2              
  58   2            sr=SBUF;
  59   2            if(sr==10&&UR1_OA){
  60   3            for(i=0;i<UR1_count;i++){
  61   4                UR1_DAT[i]=UR1_BUF[i];
  62   4            }
  63   3            UR1_OA=0;
  64   3            UR1_flag=1;
  65   3            UR1_count=0;
  66   3            }
  67   2            if(UR1_OA){
  68   3            UR1_BUF[UR1_count++]=sr;
  69   3            }
  70   2            if(sr==58){UR1_OA=1;}
  71   2          }
  72   1          RI=0;
  73   1      }
  74          
  75          int UR1_Getnum(){
  76   1        static  int num=0;
  77   1      
  78   1        if(UR1_flag){
  79   2          
  80   2          num=0;
  81   2        for(i=0;i<4;i++){
  82   3          if(UR1_DAT[i]!=11&&UR1_DAT[i]!=13){
  83   4            num=num*10+(UR1_DAT[i]-48); 
  84   4          }else{UR1_flag=0;
  85   4      
  86   4            for(i=0;i<5;i++){
  87   5                UR1_DAT[i]=11;
  88   5                }
  89   4      
  90   4          return num;}  
  91   3          
  92   3        }
  93   2        //UR_flag=0;
  94   2        }
  95   1        return num;
  96   1      }


MODULE INFORMATION:   STATIC OVERLAYABLE
   CODE SIZE        =    352    ----
   CONSTANT SIZE    =   ----    ----
   XDATA SIZE       =   ----    ----
   PDATA SIZE       =   ----    ----
   DATA SIZE        =     24    ----
   IDATA SIZE       =   ----    ----
   BIT SIZE         =   ----    ----
END OF MODULE INFORMATION.


C51 COMPILATION COMPLETE.  4 WARNING(S),  0 ERROR(S)
