C51 COMPILER V9.60.0.0   A                                                                 01/20/2023 12:12:05 PAGE 1   


C51 COMPILER V9.60.0.0, COMPILATION OF MODULE A
OBJECT MODULE PLACED IN .\Objects\A.obj
COMPILER INVOKED BY: C:\Keil_v5\C51\BIN\C51.EXE A.c OPTIMIZE(8,SPEED) BROWSE DEBUG OBJECTEXTEND PRINT(.\Listings\A.lst) 
                    -TABS(2) OBJECT(.\Objects\A.obj)

line level    source

   1          #include <STC15F2K60S2.H>
   2          sbit pwm=P5^5;
   3          void Timer0_Init(void)    //100微秒@11.0592MHz
   4          {
   5   1        TMOD |= 0x01;   //设置定时器模式
   6   1        TL0 = 0xA4;   //设置定时初值
   7   1        TH0 = 0xFF;   //设置定时初值
   8   1        TF0 = 0;    //清除TF0标志
   9   1        TR0 = 1;    //定时器0开始计时
  10   1        //PT0=9;
  11   1        ET0 = 1;
  12   1        EA=1;
  13   1        ES=1;
  14   1      }
  15          int count=0;int angle=18;
  16          
  17          void Timer0_Isr() interrupt 1
  18          {
  19   1          TL0 = 0xA4;   //设置定时初值
  20   1        TH0 = 0xFF;   //设置定时初值
  21   1        if(count< angle)              //判断次数是否小于角度标识
  22   1            pwm=1;                  //确实小于，PWM输出高电平
  23   1          else
  24   1            pwm=0;                  //大于则输出低电平
  25   1          count=(count+1);          //0.1ms次数加1
  26   1          count=count%160;     //保持周期为20ms，普通51单片机定时100us有误差，经示波器测量约为50Hz
  27   1      }
  28          int main(){
  29   1      Timer0_Init();
  30   1      while(1){
  31   2      //    if(count%100==0){
  32   2      //      if(P07==0){
  33   2      //         while(P07==0);
  34   2      //       angle+=10;
  35   2      //  
  36   2      //     }
  37   2      //    }
  38   2           
  39   2      
  40   2      
  41   2      }
  42   1      
  43   1      
  44   1      
  45   1      
  46   1      
  47   1      }


MODULE INFORMATION:   STATIC OVERLAYABLE
   CODE SIZE        =    112    ----
   CONSTANT SIZE    =   ----    ----
   XDATA SIZE       =   ----    ----
   PDATA SIZE       =   ----    ----
C51 COMPILER V9.60.0.0   A                                                                 01/20/2023 12:12:05 PAGE 2   

   DATA SIZE        =      4    ----
   IDATA SIZE       =   ----    ----
   BIT SIZE         =   ----    ----
END OF MODULE INFORMATION.


C51 COMPILATION COMPLETE.  0 WARNING(S),  0 ERROR(S)
